[debug] [2019-03-15T21:30:54.233Z] ----------------------------------------------------------------------
[debug] [2019-03-15T21:30:54.236Z] Command:       C:\Program Files\nodejs\node.exe C:\Program Files\nodejs\node_modules\firebase-tools\lib\bin\firebase.js deploy
[debug] [2019-03-15T21:30:54.237Z] CLI Version:   6.3.1
[debug] [2019-03-15T21:30:54.237Z] Platform:      win32
[debug] [2019-03-15T21:30:54.237Z] Node Version:  v8.9.1
[debug] [2019-03-15T21:30:54.237Z] Time:          Fri Mar 15 2019 22:30:54 GMT+0100 (Central European Standard Time)
[debug] [2019-03-15T21:30:54.237Z] ----------------------------------------------------------------------
[debug] 
[debug] [2019-03-15T21:30:54.295Z] > command requires scopes: ["email","openid","https://www.googleapis.com/auth/cloudplatformprojects.readonly","https://www.googleapis.com/auth/firebase","https://www.googleapis.com/auth/cloud-platform"]
[debug] [2019-03-15T21:30:54.295Z] > authorizing via signed-in user
[debug] [2019-03-15T21:30:54.296Z] [iam] checking project revents-d5dca for permissions ["cloudfunctions.functions.create","cloudfunctions.functions.delete","cloudfunctions.functions.get","cloudfunctions.functions.list","cloudfunctions.functions.update","cloudfunctions.operations.get","firebase.projects.get","firebasehosting.sites.update"]
[debug] [2019-03-15T21:30:54.298Z] > refreshing access token with scopes: ["email","https://www.googleapis.com/auth/cloud-platform","https://www.googleapis.com/auth/cloudplatformprojects.readonly","https://www.googleapis.com/auth/firebase","openid"]
[debug] [2019-03-15T21:30:54.298Z] >>> HTTP REQUEST POST https://www.googleapis.com/oauth2/v3/token  
 <request body omitted>
[debug] [2019-03-15T21:30:54.640Z] <<< HTTP RESPONSE 200
[debug] [2019-03-15T21:30:54.716Z] >>> HTTP REQUEST POST https://cloudresourcemanager.googleapis.com/v1/projects/revents-d5dca:testIamPermissions  

[debug] [2019-03-15T21:30:55.776Z] <<< HTTP RESPONSE 200
[debug] [2019-03-15T21:30:55.777Z] >>> HTTP REQUEST GET https://firebase.googleapis.com/v1beta1/projects/revents-d5dca  
 
[debug] [2019-03-15T21:30:56.215Z] <<< HTTP RESPONSE 200
[info] 
[info] === Deploying to 'revents-d5dca'...
[info] 
[info] i  deploying functions, hosting
[info] Running command: npm --prefix "$RESOURCE_DIR" run lint
[info] +  functions: Finished running predeploy script.
[debug] [2019-03-15T21:31:08.402Z] > [functions] package.json contents: {
  "name": "functions",
  "description": "Cloud Functions for Firebase",
  "scripts": {
    "lint": "eslint .",
    "serve": "firebase serve --only functions",
    "shell": "firebase functions:shell",
    "start": "npm run shell",
    "deploy": "firebase deploy --only functions",
    "logs": "firebase functions:log"
  },
  "dependencies": {
    "firebase-admin": "~7.0.0",
    "firebase-functions": "^2.2.0"
  },
  "devDependencies": {
    "eslint": "^5.12.0",
    "eslint-plugin-promise": "^4.0.1"
  },
  "private": true
}
[info] i  functions: ensuring necessary APIs are enabled...
[debug] [2019-03-15T21:31:08.404Z] >>> HTTP REQUEST GET https://servicemanagement.googleapis.com/v1/services/cloudfunctions.googleapis.com/projectSettings/revents-d5dca?view=CONSUMER_VIEW  
 
[debug] [2019-03-15T21:31:08.405Z] >>> HTTP REQUEST GET https://servicemanagement.googleapis.com/v1/services/runtimeconfig.googleapis.com/projectSettings/revents-d5dca?view=CONSUMER_VIEW  
 
[debug] [2019-03-15T21:31:10.041Z] <<< HTTP RESPONSE 200
[debug] [2019-03-15T21:31:10.153Z] <<< HTTP RESPONSE 200
[info] +  functions: all necessary APIs are enabled
[debug] [2019-03-15T21:31:10.169Z] >>> HTTP REQUEST GET https://cloudresourcemanager.googleapis.com/v1/projects/revents-d5dca  
 
[debug] [2019-03-15T21:31:11.097Z] <<< HTTP RESPONSE 200
[debug] [2019-03-15T21:31:11.097Z] >>> HTTP REQUEST GET https://mobilesdk-pa.googleapis.com/v1/projects/953234997206:getServerAppConfig  
 
[debug] [2019-03-15T21:31:11.445Z] <<< HTTP RESPONSE 200
[debug] [2019-03-15T21:31:11.445Z] >>> HTTP REQUEST POST https://firebasehosting.googleapis.com/v1beta1/sites/revents-d5dca/versions  

[debug] [2019-03-15T21:31:13.681Z] <<< HTTP RESPONSE 200
[info] i  functions: preparing functions directory for uploading...
[debug] [2019-03-15T21:31:13.681Z] >>> HTTP REQUEST GET https://runtimeconfig.googleapis.com/v1beta1/projects/revents-d5dca/configs  
 
[debug] [2019-03-15T21:31:14.807Z] <<< HTTP RESPONSE 200
[info] i  functions: packaged functions (41.84 KB) for uploading
[debug] [2019-03-15T21:31:15.538Z] >>> HTTP REQUEST POST https://cloudfunctions.googleapis.com/v1/projects/revents-d5dca/locations/us-central1/functions:generateUploadUrl  
 
[debug] [2019-03-15T21:31:16.153Z] <<< HTTP RESPONSE 200
[debug] [2019-03-15T21:31:16.153Z] >>> HTTP REQUEST PUT https://storage.googleapis.com/gcf-upload-us-central1-5fe0057f-9ffe-4e56-8203-48a48d8b686b/458a69ea-8612-4633-9ca2-af80ceb28cab.zip?GoogleAccessId=service-953234997206@gcf-admin-robot.iam.gserviceaccount.com&Expires=1552687259&Signature=VlYs2%2FAcZpSC0eS6KhbaPJuzuWon8Xr8hjO8k5bZOPtk9tTvpL5Hr0d4lRg7Vdnl7nYH4u2uGvdmStxkw4iUdj4ZRc27%2FzBiUzEpthDQFFch1hVEd8Itx8jFoLhCDXfK1umLU98KKxzsNdzm8rAt2LsGcwr9PmcHg8t0Zq5QCNdDfs77zpsPPozZEqkZUHSTuBD87Gz0lHfXrA3iYkR1bAVMopvOkm%2F2p0rQhz%2F8%2BXd6icbDCgV2fIvDtPQvPKgUCjljLbaDcsc9NJ5f7t68pr97cxMwjuQNz7AYsRL40BYcddHA6yMYiGRti5GrarnWxtCIjeSRGeUMHJRUVUUQug%3D%3D  

[debug] [2019-03-15T21:31:18.804Z] <<< HTTP RESPONSE 200
[info] +  functions: functions folder uploaded successfully
[info] i  hosting[revents-d5dca]: beginning deploy...
[info] i  hosting[revents-d5dca]: found 84 files in build
[debug] [2019-03-15T21:31:18.856Z] [hosting] hash cache [YnVpbGQ] not populated
[debug] [2019-03-15T21:31:20.522Z] [hosting] hash cache [YnVpbGQ] stored for 84 files
[debug] [2019-03-15T21:31:20.522Z] [hosting][hash queue][FINAL]
[debug] [2019-03-15T21:31:20.522Z] >>> HTTP REQUEST POST https://firebasehosting.googleapis.com/v1beta1/sites/revents-d5dca/versions/35348377e79c5a3c:populateFiles  
 <request body omitted>
[debug] [2019-03-15T21:31:23.522Z] <<< HTTP RESPONSE 200
[debug] [2019-03-15T21:31:23.569Z] [hosting][populate queue][FINAL]
[debug] [2019-03-15T21:31:23.569Z] [hosting] uploads queued: 84
[debug] [2019-03-15T21:31:43.585Z] [uploadQueue] Retrying task 33d1bbf7926f39edfd3f5dd782ec369ed683d4a24ea7e4c54ee3c87c317cf1e8
[debug] [2019-03-15T21:31:54.603Z] [uploadQueue] Retrying task 2d89a0faf29706d4b6638ed18f599eef886b74bc0220f1515da12bc156ed7282
[debug] [2019-03-15T21:31:54.603Z] [uploadQueue] Retrying task 7fe28b484f5dba782f7ff9c6d79a0b906d7f8f9b78690b272a4cc4035a8fc9b0
[debug] [2019-03-15T21:31:54.604Z] [uploadQueue] Retrying task c9f8df2b5e021741307471df6e2f12774e5c5c81b8cbf2add0be13efdcc8a542
[debug] [2019-03-15T21:31:54.604Z] [uploadQueue] Retrying task 48d842cdbab9d537d4d90d6e1cd9271f8a2abb420d2456d03443b6a62ab0c39c
[debug] [2019-03-15T21:31:54.605Z] [uploadQueue] Retrying task cac524e90c64beae88adf680a1f95222e8c6b06f58287e154f07b15cef6e86e9
[debug] [2019-03-15T21:31:54.691Z] [uploadQueue] Retrying task ea1e0a80d50177943aad7208ea2b2b5142fd179f24bdaa518f715db5b5d3ea48
[debug] [2019-03-15T21:31:54.692Z] [uploadQueue] Retrying task 28e24b8ace4febd9f94823317035c32dc567c64ff8ac7e746af45e1c21dc3eff
[debug] [2019-03-15T21:31:54.693Z] [uploadQueue] Retrying task c0054eb39461c278e6d5cc139366fe4a3719c16399a2f8093ecb1a8e7ddb33e9
[debug] [2019-03-15T21:31:54.720Z] [uploadQueue] Retrying task 2abf14d486e70bc32c24baf8c3a4cff8a736736abf08f8b3a49d618f6260283a
[debug] [2019-03-15T21:31:54.729Z] [uploadQueue] Retrying task 32e73c77d4d2493e85eba07b5d78f5d9dce40c3963f058a85d64889e298a2006
[debug] [2019-03-15T21:31:54.792Z] [uploadQueue] Retrying task cb9ac3cd861d77606ea1e569ec141086c60fe1b05720496f2c7f0eae28465876
[debug] [2019-03-15T21:31:55.342Z] [uploadQueue] Retrying task 5fc503d7bc670e5a32b8338bcd4a43c10b9ea73971c9d6c001d05da0e2181d61
[debug] [2019-03-15T21:31:55.343Z] [uploadQueue] Retrying task 145a45b76068d4888605c06dfa228697fd81dc70421dd8ab69788e76b33b139a
[debug] [2019-03-15T21:31:55.351Z] [uploadQueue] Retrying task 4aaff6e53df6500aad740de54484121ea19d3a46e028b280c731ba4861c2a8ad
[debug] [2019-03-15T21:31:55.353Z] [uploadQueue] Retrying task 6160eb4d1b1a5d3b82b3d72eb36e6452386bf3b9b793c104c8e002d9aca791c9
[debug] [2019-03-15T21:31:55.359Z] [uploadQueue] Retrying task 2ebbe7de3783c3949604a06fb9beb1d27c9d7cf7e0aaadc0d9f72e57247b33b9
[debug] [2019-03-15T21:31:55.474Z] [uploadQueue] Retrying task 2bd2d579f93babcd7bc07b5b7b200354d1c7e42bd6b8f8d41113e6b2e0c46d73
[debug] [2019-03-15T21:31:55.657Z] [uploadQueue] Retrying task 2aa1d90c53b8ef2e75b5419c038ab9dab0bc570e2a2827f655001b98704cfb8c
[debug] [2019-03-15T21:31:55.704Z] [uploadQueue] Retrying task b0da343b92e69720eaa7d84c795f1aaf996ffb9f68046a15f4c5fd61e0c082be
[debug] [2019-03-15T21:31:56.475Z] [uploadQueue] Retrying task 2c917b0f6f42ee5073898728374644f9cfad11edfdb99f84eca06b5e27ebf400
[debug] [2019-03-15T21:31:56.691Z] [uploadQueue] Retrying task f0920f47dc1b8ab60de5fb68eecd6cac3c1694cfae5db8eb0dd4444472532ec4
[debug] [2019-03-15T21:31:57.357Z] [uploadQueue] Retrying task a0d070cd406c91f7683eaf22448700e0b3cd64bb2d25c3150ae20d6262a92968
[debug] [2019-03-15T21:31:59.270Z] [uploadQueue] Retrying task 4b7d0ae0e1f770461c9bb6fad737a181bfdb9aa8fce3511b906ea1787616288e
[debug] [2019-03-15T21:31:59.286Z] [uploadQueue] Retrying task 993a446be27502033566263a349d1ecd3a540490241faa39543753109677955f
[debug] [2019-03-15T21:32:02.078Z] [uploadQueue] Retrying task 4def2d9464f0aa2eecbd5e49559f18f8095ed1f894e54e72283a057f8467acb2
[debug] [2019-03-15T21:32:04.677Z] [uploadQueue] Retrying task a1c78d21d48fe79f4c5a16a3d959518fcc9cde863cedaeef1095041a2002e31d
[debug] [2019-03-15T21:32:11.573Z] [uploadQueue] Retrying task 586c3118922f3fa2fe69662ce949ad834b2685dc4258c798f676794aa86b253b
[debug] [2019-03-15T21:32:13.922Z] [uploadQueue] Retrying task bc54b585b11b205c8ed78d35af421d3125806b197e33a48a311851e6d3375c7e
[debug] [2019-03-15T21:32:20.538Z] [uploadQueue] Retrying task 4494184f0be1e196cb3c49c254b5934258187629567e97f5809eacbe11be55da
[debug] [2019-03-15T21:32:25.625Z] [uploadQueue] Retrying task c0054eb39461c278e6d5cc139366fe4a3719c16399a2f8093ecb1a8e7ddb33e9
[debug] [2019-03-15T21:32:26.246Z] [uploadQueue] Retrying task 6160eb4d1b1a5d3b82b3d72eb36e6452386bf3b9b793c104c8e002d9aca791c9
[debug] [2019-03-15T21:32:26.249Z] [uploadQueue] Retrying task 2ebbe7de3783c3949604a06fb9beb1d27c9d7cf7e0aaadc0d9f72e57247b33b9
[debug] [2019-03-15T21:32:26.254Z] [uploadQueue] Retrying task 4aaff6e53df6500aad740de54484121ea19d3a46e028b280c731ba4861c2a8ad
[debug] [2019-03-15T21:32:27.262Z] [uploadQueue] Retrying task cb9ac3cd861d77606ea1e569ec141086c60fe1b05720496f2c7f0eae28465876
[debug] [2019-03-15T21:32:29.067Z] [uploadQueue] Retrying task 124ec1998b614dfc7cc2ad52decdc68e32c81a84e98b6691466836a4fc72b383
[debug] [2019-03-15T21:32:30.861Z] [uploadQueue] Retrying task 48d842cdbab9d537d4d90d6e1cd9271f8a2abb420d2456d03443b6a62ab0c39c
[debug] [2019-03-15T21:32:31.554Z] [uploadQueue] Retrying task 6072d59093d0817c47dad10bd086a89cf8457ace32cc8e3bfb14b93d960e5c42
[debug] [2019-03-15T21:32:32.393Z] [uploadQueue] Retrying task 4b7d0ae0e1f770461c9bb6fad737a181bfdb9aa8fce3511b906ea1787616288e
[debug] [2019-03-15T21:32:33.773Z] [uploadQueue] Retrying task ea1e0a80d50177943aad7208ea2b2b5142fd179f24bdaa518f715db5b5d3ea48
[debug] [2019-03-15T21:32:34.363Z] [uploadQueue] Retrying task 7fe28b484f5dba782f7ff9c6d79a0b906d7f8f9b78690b272a4cc4035a8fc9b0
[debug] [2019-03-15T21:32:37.536Z] [uploadQueue] Retrying task 2c917b0f6f42ee5073898728374644f9cfad11edfdb99f84eca06b5e27ebf400
[debug] [2019-03-15T21:32:42.454Z] [uploadQueue] Retrying task f0920f47dc1b8ab60de5fb68eecd6cac3c1694cfae5db8eb0dd4444472532ec4
[debug] [2019-03-15T21:32:42.946Z] [uploadQueue] Retrying task 28e24b8ace4febd9f94823317035c32dc567c64ff8ac7e746af45e1c21dc3eff
[debug] [2019-03-15T21:32:44.221Z] [uploadQueue] Retrying task 4def2d9464f0aa2eecbd5e49559f18f8095ed1f894e54e72283a057f8467acb2
[debug] [2019-03-15T21:32:48.906Z] [uploadQueue] Retrying task a1c78d21d48fe79f4c5a16a3d959518fcc9cde863cedaeef1095041a2002e31d
[debug] [2019-03-15T21:32:56.626Z] [uploadQueue] Retrying task 8270a2842cac202a496c76b00ba158ed5f4e1706ff295dc0e60866d26c1f0e9e
[debug] [2019-03-15T21:32:57.916Z] [uploadQueue] Retrying task 6160eb4d1b1a5d3b82b3d72eb36e6452386bf3b9b793c104c8e002d9aca791c9
[debug] [2019-03-15T21:33:03.001Z] [uploadQueue] Retrying task cb9ac3cd861d77606ea1e569ec141086c60fe1b05720496f2c7f0eae28465876
[debug] [2019-03-15T21:33:07.560Z] [uploadQueue] Retrying task 7fe28b484f5dba782f7ff9c6d79a0b906d7f8f9b78690b272a4cc4035a8fc9b0
[debug] [2019-03-15T21:33:09.259Z] [uploadQueue] Retrying task 124ec1998b614dfc7cc2ad52decdc68e32c81a84e98b6691466836a4fc72b383
[debug] [2019-03-15T21:33:09.682Z] [uploadQueue] Retrying task 6072d59093d0817c47dad10bd086a89cf8457ace32cc8e3bfb14b93d960e5c42
[debug] [2019-03-15T21:33:15.917Z] [uploadQueue] Retrying task f0920f47dc1b8ab60de5fb68eecd6cac3c1694cfae5db8eb0dd4444472532ec4
[debug] [2019-03-15T21:33:18.778Z] [uploadQueue] Retrying task 4def2d9464f0aa2eecbd5e49559f18f8095ed1f894e54e72283a057f8467acb2
[debug] [2019-03-15T21:33:37.145Z] [uploadQueue] Retrying task a1c78d21d48fe79f4c5a16a3d959518fcc9cde863cedaeef1095041a2002e31d
[debug] [2019-03-15T21:33:50.351Z] [uploadQueue] Retrying task cb9ac3cd861d77606ea1e569ec141086c60fe1b05720496f2c7f0eae28465876
[debug] [2019-03-15T21:33:50.377Z] [uploadQueue] Retrying task 124ec1998b614dfc7cc2ad52decdc68e32c81a84e98b6691466836a4fc72b383
[debug] [2019-03-15T21:33:51.069Z] [uploadQueue] Retrying task 7fe28b484f5dba782f7ff9c6d79a0b906d7f8f9b78690b272a4cc4035a8fc9b0
[debug] [2019-03-15T21:33:53.188Z] [uploadQueue] Retrying task 6072d59093d0817c47dad10bd086a89cf8457ace32cc8e3bfb14b93d960e5c42
[debug] [2019-03-15T21:34:00.214Z] [uploadQueue] Retrying task 4def2d9464f0aa2eecbd5e49559f18f8095ed1f894e54e72283a057f8467acb2
[debug] [2019-03-15T21:34:00.720Z] [uploadQueue] Retrying task 2c917b0f6f42ee5073898728374644f9cfad11edfdb99f84eca06b5e27ebf400
[debug] [2019-03-15T21:34:13.606Z] [uploadQueue] Retrying task f0920f47dc1b8ab60de5fb68eecd6cac3c1694cfae5db8eb0dd4444472532ec4
[debug] [2019-03-15T21:34:22.392Z] [uploadQueue] Retrying task a1c78d21d48fe79f4c5a16a3d959518fcc9cde863cedaeef1095041a2002e31d
[debug] [2019-03-15T21:34:26.477Z] [uploadQueue] Retrying task 6072d59093d0817c47dad10bd086a89cf8457ace32cc8e3bfb14b93d960e5c42
[debug] [2019-03-15T21:34:33.226Z] [uploadQueue] Retrying task 7fe28b484f5dba782f7ff9c6d79a0b906d7f8f9b78690b272a4cc4035a8fc9b0
[debug] [2019-03-15T21:34:33.888Z] [uploadQueue] Retrying task 124ec1998b614dfc7cc2ad52decdc68e32c81a84e98b6691466836a4fc72b383
[debug] [2019-03-15T21:34:48.850Z] [uploadQueue] Retrying task 2c917b0f6f42ee5073898728374644f9cfad11edfdb99f84eca06b5e27ebf400
[debug] [2019-03-15T21:34:51.609Z] [uploadQueue] Retrying task 4def2d9464f0aa2eecbd5e49559f18f8095ed1f894e54e72283a057f8467acb2
[debug] [2019-03-15T21:35:02.878Z] [uploadQueue] Retrying task f0920f47dc1b8ab60de5fb68eecd6cac3c1694cfae5db8eb0dd4444472532ec4
[debug] [2019-03-15T21:35:05.064Z] [uploadQueue] Retries exhausted for task 7fe28b484f5dba782f7ff9c6d79a0b906d7f8f9b78690b272a4cc4035a8fc9b0:
[debug] [2019-03-15T21:35:05.065Z] [hosting][upload queue][FINAL]
[debug] [2019-03-15T21:35:05.067Z] Error: ESOCKETTIMEDOUT
    at ClientRequest.<anonymous> (C:\Users\sdavidovic\AppData\Roaming\nvm\v8.9.1\node_modules\firebase-tools\node_modules\request\request.js:816:19)
    at Object.onceWrapper (events.js:313:30)
    at emitNone (events.js:106:13)
    at ClientRequest.emit (events.js:208:7)
    at TLSSocket.emitTimeout (_http_client.js:708:34)
    at Object.onceWrapper (events.js:313:30)
    at emitNone (events.js:106:13)
    at TLSSocket.emit (events.js:208:7)
    at TLSSocket.Socket._onTimeout (net.js:407:8)
    at ontimeout (timers.js:475:11)
[error] 
[error] Error: An unexpected error has occurred.
